<?xml version="1.0" encoding="UTF-8"?>
<testsuite name="TestSuite" time="14.826" tests="1" errors="0" skipped="0" failures="1">
  <properties>
[...]
</properties>
  <testcase name="TC_001_Validate_Login_Page" classname="com.framework.testcases.TC_001_Validate_Login_Page" time="14.826">
    <failure message="expected [Jakay N] but found [Jakay M]" type="java.lang.AssertionError">java.lang.AssertionError: expected [Jakay N] but found [Jakay M]
	at org.testng.Assert.fail(Assert.java:94)
	at org.testng.Assert.failNotEquals(Assert.java:513)
	at org.testng.Assert.assertEqualsImpl(Assert.java:135)
	at org.testng.Assert.assertEquals(Assert.java:116)
	at org.testng.Assert.assertEquals(Assert.java:190)
	at org.testng.Assert.assertEquals(Assert.java:200)
	at com.framework.frameworkutils.Keywords.verifyText(Keywords.java:118)
	at com.framework.frameworkutils.Keywords.executeKeywords(Keywords.java:62)
	at com.framework.testcases.TC_001_Validate_Login_Page.TC_001_Validate_Login_Page(TC_001_Validate_Login_Page.java:26)
</failure>
    <system-out><![CDATA[[TestNGContentHandler] [WARN] It is strongly recommended to add "<!DOCTYPE suite SYSTEM "http://testng.org/testng-1.0.dtd" >" at the top of your file, otherwise TestNG may fail or not work as expected.
Test cases started row number :1
Test cases total column count are :5
Test cases total rows count are :1
Runmode--Y --Email--josephkuruvilla891@gmail.com --Password--Jakay07@ --Expected_Result--Jakay N --Status--PASS --
Executable test cases is :TC_001_Validate_Login_Page
openBrowser--Chrome--
navigateURL--https://ui.cogmento.com/--
enter--email--Email
enter--password--Password
click--login_btn--
verifyText--login_user_name--Expected_Result
]]></system-out>
    <system-err><![CDATA[SLF4J: Failed to load class "org.slf4j.impl.StaticLoggerBinder".
SLF4J: Defaulting to no-operation (NOP) logger implementation
SLF4J: See http://www.slf4j.org/codes.html#StaticLoggerBinder for further details.
Starting ChromeDriver 83.0.4103.39 (ccbf011cb2d2b19b506d844400483861342c20cd-refs/branch-heads/4103@{#416}) on port 31996
Only local connections are allowed.
Please see https://chromedriver.chromium.org/security-considerations for suggestions on keeping ChromeDriver safe.
ChromeDriver was started successfully.
Jun 22, 2020 12:59:10 PM org.openqa.selenium.remote.ProtocolHandshake createSession
INFO: Detected dialect: W3C
]]></system-err>
  </testcase>
</testsuite>