<?xml version="1.0" encoding="UTF-8"?>
<testng-results skipped="0" failed="0" ignored="0" total="1" passed="1">
  <reporter-output>
  </reporter-output>
  <suite name="Default suite" duration-ms="26327" started-at="2020-06-19T09:07:51Z" finished-at="2020-06-19T09:08:18Z">
    <groups>
    </groups>
    <test name="Default test" duration-ms="26327" started-at="2020-06-19T09:07:51Z" finished-at="2020-06-19T09:08:18Z">
      <class name="com.framework.testcases.TC_001_Validate_Login_Page">
        <test-method status="PASS" signature="validate_Login_Page()[pri:0, instance:com.framework.testcases.TC_001_Validate_Login_Page@6767c1fc]" name="validate_Login_Page" duration-ms="26290" started-at="2020-06-19T14:37:52Z" finished-at="2020-06-19T14:38:18Z">
          <reporter-output>
          </reporter-output>
        </test-method> <!-- validate_Login_Page -->
      </class> <!-- com.framework.testcases.TC_001_Validate_Login_Page -->
    </test> <!-- Default test -->
  </suite> <!-- Default suite -->
</testng-results>
