<?xml version="1.0" encoding="UTF-8"?>
<testng-results skipped="1" failed="0" ignored="0" total="1" passed="0">
  <reporter-output>
  </reporter-output>
  <suite name="Default suite" duration-ms="453" started-at="2020-06-22T09:50:40Z" finished-at="2020-06-22T09:50:41Z">
    <groups>
    </groups>
    <test name="Default test" duration-ms="453" started-at="2020-06-22T09:50:40Z" finished-at="2020-06-22T09:50:41Z">
      <class name="com.framework.testcases.TC_001_Validate_Login_Page">
        <test-method status="PASS" signature="beforeMethod(java.lang.reflect.Method)[pri:0, instance:com.framework.testcases.TC_001_Validate_Login_Page@1c1bbc4e]" name="beforeMethod" is-config="true" duration-ms="8" started-at="2020-06-22T15:20:40Z" finished-at="2020-06-22T15:20:40Z">
          <params>
            <param index="0">
              <value>
                <![CDATA[public void com.framework.testcases.TC_001_Validate_Login_Page.tC_001_Validate_Login_Page(java.util.Hashtable) throws java.lang.Exception]]>
              </value>
            </param>
          </params>
          <reporter-output>
          </reporter-output>
        </test-method> <!-- beforeMethod -->
        <test-method status="SKIP" signature="tC_001_Validate_Login_Page(java.util.Hashtable)[pri:0, instance:com.framework.testcases.TC_001_Validate_Login_Page@1c1bbc4e]" name="tC_001_Validate_Login_Page" duration-ms="13" started-at="2020-06-22T15:20:40Z" data-provider="getData" finished-at="2020-06-22T15:20:40Z">
          <params>
            <param index="0">
              <value>
                <![CDATA[{Status=, Password=Jakay07@, Runmode=Y, Expected_Result=Jakay M, Email=josephkuruvilla891@gmail.com}]]>
              </value>
            </param>
          </params>
          <exception class="org.testng.SkipException">
            <message>
              <![CDATA[Test Cases execution mode is set by No..!!!!!!!!!!!!]]>
            </message>
            <full-stacktrace>
              <![CDATA[org.testng.SkipException: Test Cases execution mode is set by No..!!!!!!!!!!!!
	at com.framework.testcases.TC_001_Validate_Login_Page.tC_001_Validate_Login_Page(TC_001_Validate_Login_Page.java:21)
	at sun.reflect.NativeMethodAccessorImpl.invoke0(Native Method)
	at sun.reflect.NativeMethodAccessorImpl.invoke(Unknown Source)
	at sun.reflect.DelegatingMethodAccessorImpl.invoke(Unknown Source)
	at java.lang.reflect.Method.invoke(Unknown Source)
	at org.testng.internal.MethodInvocationHelper.invokeMethod(MethodInvocationHelper.java:104)
	at org.testng.internal.Invoker.invokeMethod(Invoker.java:645)
	at org.testng.internal.Invoker.invokeTestMethod(Invoker.java:851)
	at org.testng.internal.Invoker.invokeTestMethods(Invoker.java:1177)
	at org.testng.internal.TestMethodWorker.invokeTestMethods(TestMethodWorker.java:129)
	at org.testng.internal.TestMethodWorker.run(TestMethodWorker.java:112)
	at org.testng.TestRunner.privateRun(TestRunner.java:756)
	at org.testng.TestRunner.run(TestRunner.java:610)
	at org.testng.SuiteRunner.runTest(SuiteRunner.java:387)
	at org.testng.SuiteRunner.runSequentially(SuiteRunner.java:382)
	at org.testng.SuiteRunner.privateRun(SuiteRunner.java:340)
	at org.testng.SuiteRunner.run(SuiteRunner.java:289)
	at org.testng.SuiteRunnerWorker.runSuite(SuiteRunnerWorker.java:52)
	at org.testng.SuiteRunnerWorker.run(SuiteRunnerWorker.java:86)
	at org.testng.TestNG.runSuitesSequentially(TestNG.java:1293)
	at org.testng.TestNG.runSuitesLocally(TestNG.java:1218)
	at org.testng.TestNG.runSuites(TestNG.java:1133)
	at org.testng.TestNG.run(TestNG.java:1104)
	at org.testng.remote.AbstractRemoteTestNG.run(AbstractRemoteTestNG.java:115)
	at org.testng.remote.RemoteTestNG.initAndRun(RemoteTestNG.java:251)
	at org.testng.remote.RemoteTestNG.main(RemoteTestNG.java:77)
]]>
            </full-stacktrace>
          </exception> <!-- org.testng.SkipException -->
          <reporter-output>
          </reporter-output>
        </test-method> <!-- tC_001_Validate_Login_Page -->
        <test-method status="PASS" signature="afterMethod(org.testng.ITestResult)[pri:0, instance:com.framework.testcases.TC_001_Validate_Login_Page@1c1bbc4e]" name="afterMethod" is-config="true" duration-ms="393" started-at="2020-06-22T15:20:40Z" finished-at="2020-06-22T15:20:41Z">
          <params>
            <param index="0">
              <value>
                <![CDATA[[TestResult name=tC_001_Validate_Login_Page status=SKIP method=TC_001_Validate_Login_Page.tC_001_Validate_Login_Page(java.util.Hashtable)[pri:0, instance:com.framework.testcases.TC_001_Validate_Login_Page@1c1bbc4e] output={null}]]]>
              </value>
            </param>
          </params>
          <reporter-output>
          </reporter-output>
        </test-method> <!-- afterMethod -->
      </class> <!-- com.framework.testcases.TC_001_Validate_Login_Page -->
    </test> <!-- Default test -->
  </suite> <!-- Default suite -->
</testng-results>
